2021-10-25 11:29:30,030 Namespace(arch=None, baseline_decay=0.9, beta1=0.0, beta2=0.9, bottom_width=4, channels=3, controller='controller', ctrl_lr=0.00035, ctrl_sample_batch=1, ctrl_step=30, d_lr=0.0002, d_spectral_norm=True, data_path='./data', dataset='cifar10', df_dim=128, dis_batch_size=64, dis_bs=64, dis_model='shared_gan', dynamic_reset_threshold=0.001, dynamic_reset_window=500, entropy_coeff=0.001, eval_batch_size=100, exp_name='search_2021-10-25 11:29:25.766090', g_lr=0.0002, g_spectral_norm=False, gen_batch_size=64, gen_bs=128, gen_model='shared_gan', gf_dim=256, grow_step1=25, grow_step2=55, hid_size=100, img_size=32, init_type='xavier_uniform', latent_dim=128, load_path=None, lr_decay=False, max_epoch=200, max_iter=50000, max_search_iter=90, n_classes=10, n_critic=5, num_candidate=10, num_eval_imgs=50000, num_workers=8, path_helper={'prefix': 'logs/search_2021-10-25 11:29:25.766090_2021_10_25_11_29_29', 'ckpt_path': 'logs/search_2021-10-25 11:29:25.766090_2021_10_25_11_29_29/Model', 'log_path': 'logs/search_2021-10-25 11:29:25.766090_2021_10_25_11_29_29/Log', 'sample_path': 'logs/search_2021-10-25 11:29:25.766090_2021_10_25_11_29_29/Samples'}, print_freq=100, random_seed=12345, rl_num_eval_img=5000, shared_epoch=15, topk=5, val_freq=20)
2021-10-25 11:29:30,033 <start search iteration 0>
2021-10-25 11:29:30,033 => train shared GAN...
2021-10-25 11:29:30,474 [Epoch 0/15] [Batch 0/782] [D loss: 2.578271] [G loss: -0.638718]
2021-10-25 11:29:31,557 [Epoch 0/15] [Batch 100/782] [D loss: 0.133854] [G loss: 4.616710]
2021-10-25 11:29:32,621 [Epoch 0/15] [Batch 200/782] [D loss: 0.004040] [G loss: 3.269775]
2021-10-25 11:29:33,650 [Epoch 0/15] [Batch 300/782] [D loss: 0.000000] [G loss: 4.308122]
2021-10-25 11:29:34,676 [Epoch 0/15] [Batch 400/782] [D loss: 0.002510] [G loss: 3.724714]
2021-10-25 11:29:35,734 [Epoch 0/15] [Batch 500/782] [D loss: 0.000000] [G loss: 6.142739]
2021-10-25 11:29:36,793 [Epoch 0/15] [Batch 600/782] [D loss: 0.000000] [G loss: 6.210054]
2021-10-25 11:29:37,818 [Epoch 0/15] [Batch 700/782] [D loss: 0.000000] [G loss: 5.020141]
2021-10-25 11:29:39,027 [Epoch 1/15] [Batch 0/782] [D loss: 0.000000] [G loss: 6.250269]
2021-10-25 11:29:40,101 [Epoch 1/15] [Batch 100/782] [D loss: 0.000000] [G loss: 7.822572]
2021-10-25 11:29:41,174 [Epoch 1/15] [Batch 200/782] [D loss: 0.000328] [G loss: 7.352974]
2021-10-25 11:29:42,241 [Epoch 1/15] [Batch 300/782] [D loss: 0.000000] [G loss: 6.493252]
2021-10-25 11:29:43,318 [Epoch 1/15] [Batch 400/782] [D loss: 0.000000] [G loss: 6.478741]
2021-10-25 11:29:44,445 [Epoch 1/15] [Batch 500/782] [D loss: 0.000000] [G loss: 8.102634]
2021-10-25 11:29:45,477 [Epoch 1/15] [Batch 600/782] [D loss: 0.013757] [G loss: 6.395210]
2021-10-25 11:29:46,530 [Epoch 1/15] [Batch 700/782] [D loss: 0.017719] [G loss: 7.494247]
2021-10-25 11:29:47,708 [Epoch 2/15] [Batch 0/782] [D loss: 0.004024] [G loss: 6.030751]
2021-10-25 11:29:48,791 [Epoch 2/15] [Batch 100/782] [D loss: 0.000000] [G loss: 5.722951]
2021-10-25 11:29:49,832 [Epoch 2/15] [Batch 200/782] [D loss: 0.000000] [G loss: 6.181182]
2021-10-25 11:29:50,904 [Epoch 2/15] [Batch 300/782] [D loss: 0.000000] [G loss: 5.473090]
2021-10-25 11:29:51,955 [Epoch 2/15] [Batch 400/782] [D loss: 0.000000] [G loss: 4.955776]
2021-10-25 11:29:53,037 [Epoch 2/15] [Batch 500/782] [D loss: 0.000000] [G loss: 6.769689]
2021-10-25 11:29:54,087 [Epoch 2/15] [Batch 600/782] [D loss: 0.000000] [G loss: 7.665269]
