2021-10-25 12:00:00,308 Namespace(arch=None, baseline_decay=0.9, beta1=0.0, beta2=0.9, bottom_width=4, channels=3, controller='controller', ctrl_lr=0.00035, ctrl_sample_batch=1, ctrl_step=30, d_lr=0.0002, d_spectral_norm=True, data_path='./data', dataset='cifar10', df_dim=128, dis_batch_size=64, dis_bs=64, dis_model='shared_gan', dynamic_reset_threshold=0.001, dynamic_reset_window=500, entropy_coeff=0.001, eval_batch_size=100, exp_name='search_2021-10-25 11:59:55.970528', g_lr=0.0002, g_spectral_norm=False, gen_batch_size=64, gen_bs=128, gen_model='shared_gan', gf_dim=256, grow_step1=25, grow_step2=55, hid_size=100, img_size=32, init_type='xavier_uniform', latent_dim=128, load_path=None, lr_decay=False, max_epoch=200, max_iter=50000, max_search_iter=90, n_classes=10, n_critic=5, num_candidate=10, num_eval_imgs=50000, num_workers=8, path_helper={'prefix': 'logs/search_2021-10-25 11:59:55.970528_2021_10_25_11_59_59', 'ckpt_path': 'logs/search_2021-10-25 11:59:55.970528_2021_10_25_11_59_59/Model', 'log_path': 'logs/search_2021-10-25 11:59:55.970528_2021_10_25_11_59_59/Log', 'sample_path': 'logs/search_2021-10-25 11:59:55.970528_2021_10_25_11_59_59/Samples'}, print_freq=100, random_seed=12345, rl_num_eval_img=5000, shared_epoch=15, topk=5, val_freq=20)
2021-10-25 12:00:00,312 <start search iteration 0>
2021-10-25 12:00:00,312 => train shared GAN...
2021-10-25 12:00:00,767 [Epoch 0/15] [Batch 0/782] [D loss: 6.281606] [G loss: -0.585226]
2021-10-25 12:00:01,846 [Epoch 0/15] [Batch 100/782] [D loss: 0.111516] [G loss: 4.264035]
2021-10-25 12:00:02,928 [Epoch 0/15] [Batch 200/782] [D loss: 0.002085] [G loss: 3.741529]
2021-10-25 12:00:03,947 [Epoch 0/15] [Batch 300/782] [D loss: 0.000000] [G loss: 5.973010]
2021-10-25 12:00:04,987 [Epoch 0/15] [Batch 400/782] [D loss: 0.000000] [G loss: 4.038235]
2021-10-25 12:00:06,027 [Epoch 0/15] [Batch 500/782] [D loss: 0.000000] [G loss: 7.532768]
2021-10-25 12:00:07,110 [Epoch 0/15] [Batch 600/782] [D loss: 0.000000] [G loss: 5.984200]
2021-10-25 12:00:08,227 [Epoch 0/15] [Batch 700/782] [D loss: 0.000000] [G loss: 5.126085]
2021-10-25 12:00:09,479 [Epoch 1/15] [Batch 0/782] [D loss: 0.000000] [G loss: 6.311153]
2021-10-25 12:00:10,528 [Epoch 1/15] [Batch 100/782] [D loss: 0.000000] [G loss: 6.303886]
2021-10-25 12:00:11,581 [Epoch 1/15] [Batch 200/782] [D loss: 0.000000] [G loss: 6.970976]
2021-10-25 12:00:12,628 [Epoch 1/15] [Batch 300/782] [D loss: 0.004139] [G loss: 8.658727]
2021-10-25 12:00:13,692 [Epoch 1/15] [Batch 400/782] [D loss: 0.000000] [G loss: 5.414453]
2021-10-25 12:00:14,801 [Epoch 1/15] [Batch 500/782] [D loss: 0.000000] [G loss: 7.570662]
2021-10-25 12:00:15,824 [Epoch 1/15] [Batch 600/782] [D loss: 0.000000] [G loss: 5.907099]
2021-10-25 12:00:16,872 [Epoch 1/15] [Batch 700/782] [D loss: 0.000000] [G loss: 7.433932]
2021-10-25 12:00:18,040 [Epoch 2/15] [Batch 0/782] [D loss: 0.000000] [G loss: 6.547251]
2021-10-25 12:00:19,123 [Epoch 2/15] [Batch 100/782] [D loss: 0.000000] [G loss: 5.984259]
2021-10-25 12:00:20,167 [Epoch 2/15] [Batch 200/782] [D loss: 0.000000] [G loss: 5.403402]
2021-10-25 12:00:21,241 [Epoch 2/15] [Batch 300/782] [D loss: 0.000000] [G loss: 6.069351]
2021-10-25 12:00:22,284 [Epoch 2/15] [Batch 400/782] [D loss: 0.000000] [G loss: 6.810027]
