2021-10-25 11:31:37,750 Namespace(arch=None, baseline_decay=0.9, beta1=0.0, beta2=0.9, bottom_width=4, channels=3, controller='controller', ctrl_lr=0.00035, ctrl_sample_batch=1, ctrl_step=30, d_lr=0.0002, d_spectral_norm=True, data_path='./data', dataset='cifar10', df_dim=128, dis_batch_size=64, dis_bs=64, dis_model='shared_gan', dynamic_reset_threshold=0.001, dynamic_reset_window=500, entropy_coeff=0.001, eval_batch_size=100, exp_name='search_2021-10-25 11:31:33.524341', g_lr=0.0002, g_spectral_norm=False, gen_batch_size=64, gen_bs=128, gen_model='shared_gan', gf_dim=256, grow_step1=25, grow_step2=55, hid_size=100, img_size=32, init_type='xavier_uniform', latent_dim=128, load_path=None, lr_decay=False, max_epoch=200, max_iter=50000, max_search_iter=90, n_classes=10, n_critic=5, num_candidate=10, num_eval_imgs=50000, num_workers=8, path_helper={'prefix': 'logs/search_2021-10-25 11:31:33.524341_2021_10_25_11_31_37', 'ckpt_path': 'logs/search_2021-10-25 11:31:33.524341_2021_10_25_11_31_37/Model', 'log_path': 'logs/search_2021-10-25 11:31:33.524341_2021_10_25_11_31_37/Log', 'sample_path': 'logs/search_2021-10-25 11:31:33.524341_2021_10_25_11_31_37/Samples'}, print_freq=100, random_seed=12345, rl_num_eval_img=5000, shared_epoch=15, topk=5, val_freq=20)
2021-10-25 11:31:37,753 <start search iteration 0>
2021-10-25 11:31:37,753 => train shared GAN...
2021-10-25 11:31:38,203 [Epoch 0/15] [Batch 0/782] [D loss: 8.380478] [G loss: -3.480441]
2021-10-25 11:31:39,274 [Epoch 0/15] [Batch 100/782] [D loss: 0.033391] [G loss: 3.185356]
2021-10-25 11:31:40,320 [Epoch 0/15] [Batch 200/782] [D loss: 0.000000] [G loss: 3.888399]
2021-10-25 11:31:41,316 [Epoch 0/15] [Batch 300/782] [D loss: 0.000000] [G loss: 5.179932]
2021-10-25 11:31:42,339 [Epoch 0/15] [Batch 400/782] [D loss: 0.000000] [G loss: 5.162938]
2021-10-25 11:31:43,346 [Epoch 0/15] [Batch 500/782] [D loss: 0.000000] [G loss: 6.297876]
2021-10-25 11:31:44,388 [Epoch 0/15] [Batch 600/782] [D loss: 0.000000] [G loss: 5.229912]
2021-10-25 11:31:45,405 [Epoch 0/15] [Batch 700/782] [D loss: 0.000000] [G loss: 5.577919]
2021-10-25 11:31:46,577 [Epoch 1/15] [Batch 0/782] [D loss: 0.002794] [G loss: 5.918515]
2021-10-25 11:31:47,650 [Epoch 1/15] [Batch 100/782] [D loss: 0.000000] [G loss: 6.890537]
2021-10-25 11:31:48,725 [Epoch 1/15] [Batch 200/782] [D loss: 0.000000] [G loss: 7.586060]
2021-10-25 11:31:49,800 [Epoch 1/15] [Batch 300/782] [D loss: 0.000000] [G loss: 7.778984]
2021-10-25 11:31:50,873 [Epoch 1/15] [Batch 400/782] [D loss: 0.000000] [G loss: 6.209661]
2021-10-25 11:31:51,991 [Epoch 1/15] [Batch 500/782] [D loss: 0.000000] [G loss: 6.347397]
2021-10-25 11:31:53,063 [Epoch 1/15] [Batch 600/782] [D loss: 0.000000] [G loss: 5.733973]
2021-10-25 11:31:54,156 [Epoch 1/15] [Batch 700/782] [D loss: 0.000000] [G loss: 7.259966]
2021-10-25 11:31:55,341 [Epoch 2/15] [Batch 0/782] [D loss: 0.000000] [G loss: 5.998147]
2021-10-25 11:31:56,395 [Epoch 2/15] [Batch 100/782] [D loss: 0.000000] [G loss: 5.418497]
2021-10-25 11:31:57,422 [Epoch 2/15] [Batch 200/782] [D loss: 0.022844] [G loss: 6.328952]
2021-10-25 11:31:58,468 [Epoch 2/15] [Batch 300/782] [D loss: 0.000000] [G loss: 5.702744]
2021-10-25 11:31:59,480 [Epoch 2/15] [Batch 400/782] [D loss: 0.000000] [G loss: 5.877989]
2021-10-25 11:32:00,520 [Epoch 2/15] [Batch 500/782] [D loss: 0.000000] [G loss: 4.496692]
2021-10-25 11:32:01,551 [Epoch 2/15] [Batch 600/782] [D loss: 0.000000] [G loss: 6.232700]
2021-10-25 11:32:02,567 [Epoch 2/15] [Batch 700/782] [D loss: 0.000000] [G loss: 4.264085]
2021-10-25 11:32:03,751 [Epoch 3/15] [Batch 0/782] [D loss: 0.000000] [G loss: 4.836830]
2021-10-25 11:32:04,794 [Epoch 3/15] [Batch 100/782] [D loss: 0.000000] [G loss: 6.155192]
2021-10-25 11:32:05,294 => dynamic resetting triggered
2021-10-25 11:32:05,352 => train controller...
2021-10-25 11:32:05,355 arch: tensor([1, 2, 2, 1], device='cuda:0')
2021-10-25 11:32:05,473 calculate Inception score...
2021-10-25 11:32:12,027 get Inception score of 1.5099529066281716
2021-10-25 11:32:12,032 arch: tensor([0, 0, 0, 1], device='cuda:0')
2021-10-25 11:32:12,733 calculate Inception score...
2021-10-25 11:32:18,585 get Inception score of 1.8906020287743042
2021-10-25 11:32:18,590 arch: tensor([1, 1, 1, 0], device='cuda:0')
2021-10-25 11:32:18,648 calculate Inception score...
2021-10-25 11:32:24,463 get Inception score of 1.7808668020307714
2021-10-25 11:32:24,468 arch: tensor([0, 0, 1, 0], device='cuda:0')
2021-10-25 11:32:24,521 calculate Inception score...
2021-10-25 11:32:30,353 get Inception score of 1.6088769179538476
2021-10-25 11:32:30,358 arch: tensor([0, 1, 2, 1], device='cuda:0')
2021-10-25 11:32:30,428 calculate Inception score...
2021-10-25 11:32:36,256 get Inception score of 1.5729279846895756
2021-10-25 11:32:36,261 arch: tensor([0, 0, 2, 1], device='cuda:0')
2021-10-25 11:32:36,329 calculate Inception score...
2021-10-25 11:32:42,223 get Inception score of 1.3234117794300178
2021-10-25 11:32:42,228 arch: tensor([0, 0, 0, 0], device='cuda:0')
2021-10-25 11:32:42,527 calculate Inception score...
2021-10-25 11:32:48,395 get Inception score of 1.4289650570718329
2021-10-25 11:32:48,400 arch: tensor([0, 0, 0, 0], device='cuda:0')
2021-10-25 11:32:48,699 calculate Inception score...
2021-10-25 11:32:54,555 get Inception score of 1.4297879455161457
2021-10-25 11:32:54,561 arch: tensor([0, 0, 1, 0], device='cuda:0')
2021-10-25 11:32:54,615 calculate Inception score...
2021-10-25 11:33:00,477 get Inception score of 1.6075286873150099
2021-10-25 11:33:00,482 arch: tensor([0, 2, 2, 1], device='cuda:0')
2021-10-25 11:33:00,576 calculate Inception score...
2021-10-25 11:33:06,451 get Inception score of 1.7798121251845693
2021-10-25 11:33:06,456 arch: tensor([1, 1, 0, 0], device='cuda:0')
2021-10-25 11:33:06,748 calculate Inception score...
2021-10-25 11:33:12,652 get Inception score of 1.788268759887822
2021-10-25 11:33:12,657 arch: tensor([0, 1, 0, 1], device='cuda:0')
2021-10-25 11:33:13,364 calculate Inception score...
2021-10-25 11:33:19,239 get Inception score of 1.9904149815725947
2021-10-25 11:33:19,244 arch: tensor([1, 0, 0, 1], device='cuda:0')
2021-10-25 11:33:19,954 calculate Inception score...
2021-10-25 11:33:25,816 get Inception score of 1.772319653528175
2021-10-25 11:33:25,821 arch: tensor([1, 1, 0, 1], device='cuda:0')
2021-10-25 11:33:26,519 calculate Inception score...
2021-10-25 11:33:32,383 get Inception score of 1.8694285705033733
2021-10-25 11:33:32,389 arch: tensor([0, 1, 0, 1], device='cuda:0')
2021-10-25 11:33:33,096 calculate Inception score...
2021-10-25 11:33:38,978 get Inception score of 2.0150861668857796
2021-10-25 11:33:38,983 arch: tensor([0, 2, 0, 1], device='cuda:0')
2021-10-25 11:33:39,713 calculate Inception score...
2021-10-25 11:33:45,641 get Inception score of 1.9592225457696377
2021-10-25 11:33:45,647 arch: tensor([0, 0, 0, 0], device='cuda:0')
2021-10-25 11:33:45,945 calculate Inception score...
2021-10-25 11:33:51,831 get Inception score of 1.4168667286357683
2021-10-25 11:33:51,836 arch: tensor([1, 0, 0, 0], device='cuda:0')
2021-10-25 11:33:52,140 calculate Inception score...
2021-10-25 11:33:58,026 get Inception score of 1.2636274745137586
2021-10-25 11:33:58,031 arch: tensor([1, 1, 2, 0], device='cuda:0')
2021-10-25 11:33:58,092 calculate Inception score...
2021-10-25 11:34:04,024 get Inception score of 1.2433246443680153
2021-10-25 11:34:04,029 arch: tensor([1, 1, 2, 1], device='cuda:0')
2021-10-25 11:34:04,100 calculate Inception score...
2021-10-25 11:34:09,994 get Inception score of 1.2548260238240605
2021-10-25 11:34:10,000 arch: tensor([1, 1, 2, 1], device='cuda:0')
2021-10-25 11:34:10,071 calculate Inception score...
2021-10-25 11:34:15,962 get Inception score of 1.2610306782716232
2021-10-25 11:34:15,967 arch: tensor([0, 2, 0, 0], device='cuda:0')
2021-10-25 11:34:16,292 calculate Inception score...
2021-10-25 11:34:22,181 get Inception score of 1.8890872113679273
2021-10-25 11:34:22,186 arch: tensor([1, 1, 1, 0], device='cuda:0')
2021-10-25 11:34:22,243 calculate Inception score...
2021-10-25 11:34:28,175 get Inception score of 1.7807362008364047
2021-10-25 11:34:28,180 arch: tensor([0, 1, 1, 0], device='cuda:0')
2021-10-25 11:34:28,236 calculate Inception score...
2021-10-25 11:34:34,128 get Inception score of 1.9290260234610983
2021-10-25 11:34:34,134 arch: tensor([0, 2, 0, 0], device='cuda:0')
2021-10-25 11:34:34,458 calculate Inception score...
2021-10-25 11:34:40,350 get Inception score of 1.9164445146033446
2021-10-25 11:34:40,355 arch: tensor([1, 0, 1, 1], device='cuda:0')
2021-10-25 11:34:40,416 calculate Inception score...
2021-10-25 11:34:46,309 get Inception score of 1.8709483164300929
2021-10-25 11:34:46,314 arch: tensor([0, 1, 0, 0], device='cuda:0')
2021-10-25 11:34:46,615 calculate Inception score...
2021-10-25 11:34:52,547 get Inception score of 1.9744205185496084
2021-10-25 11:34:52,552 arch: tensor([1, 1, 1, 0], device='cuda:0')
2021-10-25 11:34:52,609 calculate Inception score...
2021-10-25 11:34:58,505 get Inception score of 1.7888263855362905
2021-10-25 11:34:58,510 arch: tensor([1, 2, 0, 1], device='cuda:0')
2021-10-25 11:34:59,229 calculate Inception score...
2021-10-25 11:35:05,123 get Inception score of 1.8428822134620475
2021-10-25 11:35:05,129 arch: tensor([0, 0, 1, 0], device='cuda:0')
2021-10-25 11:35:05,183 calculate Inception score...
2021-10-25 11:35:11,075 get Inception score of 1.5988356063775344
2021-10-25 11:39:36,007 Namespace(arch=None, baseline_decay=0.9, beta1=0.0, beta2=0.9, bottom_width=4, channels=3, controller='controller', ctrl_lr=0.00035, ctrl_sample_batch=1, ctrl_step=30, d_lr=0.0002, d_spectral_norm=True, data_path='./data', dataset='cifar10', df_dim=128, dis_batch_size=64, dis_bs=64, dis_model='shared_gan', dynamic_reset_threshold=0.001, dynamic_reset_window=500, entropy_coeff=0.001, eval_batch_size=100, exp_name='search_2021-10-25 11:31:33.524341', g_lr=0.0002, g_spectral_norm=False, gen_batch_size=64, gen_bs=128, gen_model='shared_gan', gf_dim=256, grow_step1=25, grow_step2=55, hid_size=100, img_size=32, init_type='xavier_uniform', latent_dim=128, load_path=None, lr_decay=False, max_epoch=200, max_iter=50000, max_search_iter=90, n_classes=10, n_critic=5, num_candidate=10, num_eval_imgs=50000, num_workers=8, path_helper={'prefix': 'logs/search_2021-10-25 11:31:33.524341_2021_10_25_11_39_35', 'ckpt_path': 'logs/search_2021-10-25 11:31:33.524341_2021_10_25_11_39_35/Model', 'log_path': 'logs/search_2021-10-25 11:31:33.524341_2021_10_25_11_39_35/Log', 'sample_path': 'logs/search_2021-10-25 11:31:33.524341_2021_10_25_11_39_35/Samples'}, print_freq=100, random_seed=12345, rl_num_eval_img=5000, shared_epoch=15, topk=5, val_freq=20)
2021-10-25 11:39:36,009 <start search iteration 0>
2021-10-25 11:39:36,010 => train shared GAN...
2021-10-25 11:39:36,310 [Epoch 0/15] [Batch 0/782] [D loss: 9.355481] [G loss: 3.145432]
2021-10-25 11:39:37,397 [Epoch 0/15] [Batch 100/782] [D loss: 0.092906] [G loss: 3.405663]
2021-10-25 11:39:38,465 [Epoch 0/15] [Batch 200/782] [D loss: 0.006803] [G loss: 3.429921]
2021-10-25 11:39:39,548 [Epoch 0/15] [Batch 300/782] [D loss: 0.000000] [G loss: 3.762598]
2021-10-25 11:39:40,618 [Epoch 0/15] [Batch 400/782] [D loss: 0.002405] [G loss: 3.504837]
2021-10-25 11:39:41,649 [Epoch 0/15] [Batch 500/782] [D loss: 0.000000] [G loss: 3.291069]
2021-10-25 11:39:42,723 [Epoch 0/15] [Batch 600/782] [D loss: 0.105574] [G loss: 4.776538]
2021-10-25 11:39:43,763 [Epoch 0/15] [Batch 700/782] [D loss: 0.075752] [G loss: 6.546326]
2021-10-25 11:39:44,934 [Epoch 1/15] [Batch 0/782] [D loss: 0.000000] [G loss: 5.867194]
2021-10-25 11:39:45,949 [Epoch 1/15] [Batch 100/782] [D loss: 0.022110] [G loss: 5.145562]
2021-10-25 11:39:46,999 [Epoch 1/15] [Batch 200/782] [D loss: 0.000000] [G loss: 6.346908]
2021-10-25 11:39:48,025 [Epoch 1/15] [Batch 300/782] [D loss: 0.000000] [G loss: 4.682687]
2021-10-25 11:39:49,099 [Epoch 1/15] [Batch 400/782] [D loss: 0.000000] [G loss: 5.792019]
2021-10-25 11:39:50,136 [Epoch 1/15] [Batch 500/782] [D loss: 0.000138] [G loss: 6.332079]
2021-10-25 11:39:51,176 [Epoch 1/15] [Batch 600/782] [D loss: 0.000000] [G loss: 5.640443]
2021-10-25 11:39:52,268 [Epoch 1/15] [Batch 700/782] [D loss: 0.000000] [G loss: 7.553511]
2021-10-25 11:39:53,510 [Epoch 2/15] [Batch 0/782] [D loss: 0.000000] [G loss: 7.055735]
2021-10-25 11:39:54,570 [Epoch 2/15] [Batch 100/782] [D loss: 0.000000] [G loss: 5.610650]
2021-10-25 11:39:55,641 [Epoch 2/15] [Batch 200/782] [D loss: 0.000000] [G loss: 4.573532]
2021-10-25 11:39:56,699 [Epoch 2/15] [Batch 300/782] [D loss: 0.011726] [G loss: 7.506122]
2021-10-25 11:39:57,800 [Epoch 2/15] [Batch 400/782] [D loss: 0.000000] [G loss: 6.503333]
2021-10-25 11:39:58,865 [Epoch 2/15] [Batch 500/782] [D loss: 0.000000] [G loss: 7.036944]
2021-10-25 11:39:59,925 [Epoch 2/15] [Batch 600/782] [D loss: 0.000000] [G loss: 6.083250]
2021-10-25 11:40:00,974 [Epoch 2/15] [Batch 700/782] [D loss: 0.000000] [G loss: 6.868233]
2021-10-25 11:40:02,204 [Epoch 3/15] [Batch 0/782] [D loss: 0.000000] [G loss: 7.405722]
2021-10-25 11:40:03,277 [Epoch 3/15] [Batch 100/782] [D loss: 0.000000] [G loss: 5.959081]
2021-10-25 11:40:03,800 => dynamic resetting triggered
2021-10-25 11:40:03,875 => train controller...
2021-10-25 11:40:03,879 arch: tensor([0, 0, 0, 1], device='cuda:0')
2021-10-25 11:40:04,576 calculate Inception score...
2021-10-25 11:40:10,416 get Inception score of 1.722327774392159
2021-10-25 11:40:10,421 arch: tensor([1, 0, 2, 1], device='cuda:0')
2021-10-25 11:40:10,489 calculate Inception score...
2021-10-25 11:40:16,290 get Inception score of 1.1237755180656412
2021-10-25 11:40:16,296 arch: tensor([1, 1, 2, 1], device='cuda:0')
2021-10-25 11:40:16,366 calculate Inception score...
2021-10-25 11:40:22,158 get Inception score of 1.6276662312156769
2021-10-25 11:40:22,164 arch: tensor([0, 2, 0, 1], device='cuda:0')
2021-10-25 11:40:22,893 calculate Inception score...
2021-10-25 11:40:28,692 get Inception score of 2.0108929749023696
2021-10-25 11:40:28,697 arch: tensor([1, 1, 2, 0], device='cuda:0')
2021-10-25 11:40:28,758 calculate Inception score...
2021-10-25 11:40:34,592 get Inception score of 1.6419689369693025
2021-10-25 11:40:34,598 arch: tensor([0, 1, 2, 0], device='cuda:0')
2021-10-25 11:40:34,657 calculate Inception score...
2021-10-25 11:40:40,460 get Inception score of 1.7698718811556666
2021-10-25 11:40:40,466 arch: tensor([1, 0, 0, 1], device='cuda:0')
2021-10-25 11:40:41,171 calculate Inception score...
2021-10-25 11:40:46,999 get Inception score of 1.7807205943652908
2021-10-25 11:40:47,005 arch: tensor([1, 0, 2, 0], device='cuda:0')
2021-10-25 11:40:47,063 calculate Inception score...
2021-10-25 11:40:52,900 get Inception score of 1.0151391890861456
2021-10-25 11:40:52,906 arch: tensor([0, 0, 1, 1], device='cuda:0')
2021-10-25 11:40:52,966 calculate Inception score...
2021-10-25 11:40:58,799 get Inception score of 1.9393413305952216
2021-10-25 11:40:58,805 arch: tensor([0, 2, 0, 0], device='cuda:0')
2021-10-25 11:40:59,129 calculate Inception score...
2021-10-25 11:41:05,006 get Inception score of 1.9903419343904718
2021-10-25 11:41:05,012 arch: tensor([0, 1, 0, 1], device='cuda:0')
2021-10-25 11:41:05,719 calculate Inception score...
2021-10-25 11:41:11,558 get Inception score of 2.0556683083062994
2021-10-25 11:41:11,564 arch: tensor([1, 1, 1, 0], device='cuda:0')
2021-10-25 11:41:11,621 calculate Inception score...
2021-10-25 11:41:17,469 get Inception score of 2.122239111509386
2021-10-25 11:41:17,474 arch: tensor([1, 2, 1, 0], device='cuda:0')
2021-10-25 11:41:17,551 calculate Inception score...
2021-10-25 11:41:23,444 get Inception score of 1.9562801250849648
2021-10-25 11:41:23,450 arch: tensor([1, 0, 0, 1], device='cuda:0')
2021-10-25 11:41:24,155 calculate Inception score...
2021-10-25 11:41:30,013 get Inception score of 1.7722670348196559
2021-10-25 11:41:30,019 arch: tensor([1, 1, 1, 0], device='cuda:0')
2021-10-25 11:41:30,076 calculate Inception score...
2021-10-25 11:41:35,933 get Inception score of 2.1233443984376366
2021-10-25 11:41:35,938 arch: tensor([1, 1, 1, 1], device='cuda:0')
2021-10-25 11:41:36,002 calculate Inception score...
2021-10-25 11:41:41,850 get Inception score of 2.151320093501873
2021-10-25 11:41:41,855 arch: tensor([0, 1, 1, 1], device='cuda:0')
2021-10-25 11:41:41,919 calculate Inception score...
2021-10-25 11:41:47,807 get Inception score of 1.9945638708013016
2021-10-25 11:41:47,813 arch: tensor([0, 0, 2, 0], device='cuda:0')
2021-10-25 11:41:47,870 calculate Inception score...
2021-10-25 11:41:53,723 get Inception score of 1.0807636974649293
2021-10-25 11:41:53,729 arch: tensor([1, 0, 2, 1], device='cuda:0')
2021-10-25 11:41:53,797 calculate Inception score...
2021-10-25 11:41:59,650 get Inception score of 1.1208519740010412
2021-10-25 11:41:59,656 arch: tensor([1, 0, 0, 1], device='cuda:0')
2021-10-25 11:42:00,361 calculate Inception score...
2021-10-25 11:42:06,213 get Inception score of 1.7720745934731357
2021-10-25 11:42:06,219 arch: tensor([0, 2, 0, 1], device='cuda:0')
2021-10-25 11:42:06,949 calculate Inception score...
2021-10-25 11:42:12,847 get Inception score of 2.0212153165721927
2021-10-25 11:42:12,853 arch: tensor([1, 1, 1, 1], device='cuda:0')
2021-10-25 11:42:12,917 calculate Inception score...
2021-10-25 11:42:18,775 get Inception score of 2.139965871377641
2021-10-25 11:42:18,780 arch: tensor([0, 1, 1, 0], device='cuda:0')
2021-10-25 11:42:18,836 calculate Inception score...
2021-10-25 11:42:24,691 get Inception score of 1.9762645703118409
2021-10-25 11:42:24,697 arch: tensor([1, 1, 0, 0], device='cuda:0')
2021-10-25 11:42:25,004 calculate Inception score...
2021-10-25 11:42:30,858 get Inception score of 2.104230531697482
2021-10-25 11:42:30,864 arch: tensor([1, 0, 0, 0], device='cuda:0')
2021-10-25 11:42:31,163 calculate Inception score...
2021-10-25 11:42:37,020 get Inception score of 1.3104430176012591
2021-10-25 11:42:37,026 arch: tensor([1, 1, 1, 0], device='cuda:0')
2021-10-25 11:42:37,083 calculate Inception score...
2021-10-25 11:42:42,943 get Inception score of 2.0964152616190455
2021-10-25 11:42:42,948 arch: tensor([0, 1, 1, 0], device='cuda:0')
2021-10-25 11:42:43,004 calculate Inception score...
2021-10-25 11:42:48,903 get Inception score of 1.9752778967172893
2021-10-25 11:42:48,908 arch: tensor([0, 0, 1, 1], device='cuda:0')
2021-10-25 11:42:48,969 calculate Inception score...
2021-10-25 11:42:54,829 get Inception score of 1.9138565010594957
2021-10-25 11:42:54,834 arch: tensor([1, 2, 1, 0], device='cuda:0')
2021-10-25 11:42:54,911 calculate Inception score...
2021-10-25 11:43:00,769 get Inception score of 1.9531175157400764
2021-10-25 11:43:00,775 arch: tensor([1, 2, 0, 0], device='cuda:0')
2021-10-25 11:43:01,103 calculate Inception score...
2021-10-25 11:43:06,961 get Inception score of 2.026489384748707
2021-10-25 11:45:08,329 => sampled images are saved to logs/search_2021-10-25 11:31:33.524341_2021_10_25_11_39_35/Samples/fid_buffer
2021-10-25 11:45:08,427 re-initialize share GAN
2021-10-25 11:45:08,573 <start search iteration 1>
2021-10-25 11:45:08,573 => train shared GAN...
2021-10-25 11:45:08,903 [Epoch 0/15] [Batch 0/782] [D loss: 7.128216] [G loss: -0.331387]
2021-10-25 11:45:09,968 [Epoch 0/15] [Batch 100/782] [D loss: 0.016369] [G loss: 4.329552]
2021-10-25 11:45:11,078 [Epoch 0/15] [Batch 200/782] [D loss: 0.054451] [G loss: 2.773089]
2021-10-25 11:45:12,185 [Epoch 0/15] [Batch 300/782] [D loss: 0.000000] [G loss: 3.767817]
2021-10-25 11:45:13,273 [Epoch 0/15] [Batch 400/782] [D loss: 0.000000] [G loss: 5.690049]
2021-10-25 11:45:14,345 [Epoch 0/15] [Batch 500/782] [D loss: 0.000388] [G loss: 3.992897]
2021-10-25 11:45:15,427 [Epoch 0/15] [Batch 600/782] [D loss: 0.000000] [G loss: 4.353865]
2021-10-25 11:45:16,497 [Epoch 0/15] [Batch 700/782] [D loss: 0.000000] [G loss: 3.662676]
2021-10-25 11:45:17,764 [Epoch 1/15] [Batch 0/782] [D loss: 0.000000] [G loss: 5.271900]
2021-10-25 11:45:18,863 [Epoch 1/15] [Batch 100/782] [D loss: 0.000000] [G loss: 5.127414]
2021-10-25 11:45:19,976 [Epoch 1/15] [Batch 200/782] [D loss: 0.044103] [G loss: 4.454746]
2021-10-25 11:45:21,067 [Epoch 1/15] [Batch 300/782] [D loss: 0.000000] [G loss: 6.445244]
2021-10-25 11:45:22,119 [Epoch 1/15] [Batch 400/782] [D loss: 0.000000] [G loss: 8.056575]
2021-10-25 11:45:23,159 [Epoch 1/15] [Batch 500/782] [D loss: 0.000000] [G loss: 5.205716]
2021-10-25 11:45:24,172 [Epoch 1/15] [Batch 600/782] [D loss: 0.000000] [G loss: 5.983249]
2021-10-25 11:45:25,206 [Epoch 1/15] [Batch 700/782] [D loss: 0.000000] [G loss: 6.370585]
2021-10-25 11:45:26,454 [Epoch 2/15] [Batch 0/782] [D loss: 0.000000] [G loss: 5.407105]
2021-10-25 11:45:27,556 [Epoch 2/15] [Batch 100/782] [D loss: 0.000000] [G loss: 6.472124]
2021-10-25 11:45:28,705 [Epoch 2/15] [Batch 200/782] [D loss: 0.020535] [G loss: 8.555159]
2021-10-25 11:45:29,793 [Epoch 2/15] [Batch 300/782] [D loss: 0.000000] [G loss: 5.954907]
2021-10-25 11:45:30,880 [Epoch 2/15] [Batch 400/782] [D loss: 0.000000] [G loss: 6.289742]
2021-10-25 11:45:32,057 [Epoch 2/15] [Batch 500/782] [D loss: 0.000000] [G loss: 5.149247]
2021-10-25 11:45:33,153 [Epoch 2/15] [Batch 600/782] [D loss: 0.000000] [G loss: 4.427714]
2021-10-25 11:45:34,257 [Epoch 2/15] [Batch 700/782] [D loss: 0.000000] [G loss: 6.966443]
2021-10-25 11:45:35,537 [Epoch 3/15] [Batch 0/782] [D loss: 0.000000] [G loss: 3.989344]
2021-10-25 11:45:36,636 [Epoch 3/15] [Batch 100/782] [D loss: 0.000000] [G loss: 6.726511]
2021-10-25 11:45:37,178 => dynamic resetting triggered
2021-10-25 11:45:37,249 => train controller...
2021-10-25 11:45:37,252 arch: tensor([1, 2, 0, 0], device='cuda:0')
2021-10-25 11:45:37,581 calculate Inception score...
2021-10-25 11:45:43,463 get Inception score of 1.8861896215113865
2021-10-25 11:45:43,469 arch: tensor([0, 2, 0, 0], device='cuda:0')
2021-10-25 11:45:43,786 calculate Inception score...
2021-10-25 11:45:49,576 get Inception score of 1.9063628723283697
2021-10-25 11:45:49,582 arch: tensor([0, 2, 2, 1], device='cuda:0')
2021-10-25 11:45:49,675 calculate Inception score...
2021-10-25 11:45:55,462 get Inception score of 1.7627045614309307
2021-10-25 11:45:55,467 arch: tensor([0, 2, 0, 0], device='cuda:0')
2021-10-25 11:45:55,784 calculate Inception score...
2021-10-25 11:46:01,573 get Inception score of 1.912122564096621
2021-10-25 11:46:01,579 arch: tensor([1, 1, 1, 0], device='cuda:0')
2021-10-25 11:46:01,636 calculate Inception score...
2021-10-25 11:46:07,451 get Inception score of 1.8369936980663621
2021-10-25 11:46:07,457 arch: tensor([0, 2, 2, 0], device='cuda:0')
2021-10-25 11:46:07,540 calculate Inception score...
2021-10-25 11:46:13,398 get Inception score of 1.7485485237241092
2021-10-25 11:46:13,404 arch: tensor([1, 2, 2, 0], device='cuda:0')
2021-10-25 11:46:13,484 calculate Inception score...
2021-10-25 11:46:19,303 get Inception score of 1.708196257417248
2021-10-25 11:46:19,308 arch: tensor([0, 1, 2, 0], device='cuda:0')
2021-10-25 11:46:19,368 calculate Inception score...
2021-10-25 11:46:25,188 get Inception score of 1.770580775173445
2021-10-25 11:46:25,194 arch: tensor([0, 2, 0, 1], device='cuda:0')
2021-10-25 11:46:25,917 calculate Inception score...
2021-10-25 11:46:31,741 get Inception score of 1.9742197206325596
2021-10-25 11:46:31,746 arch: tensor([1, 0, 1, 0], device='cuda:0')
2021-10-25 11:46:31,801 calculate Inception score...
2021-10-25 11:46:37,663 get Inception score of 1.2610684703881392
2021-10-25 11:46:37,669 arch: tensor([1, 2, 0, 1], device='cuda:0')
2021-10-25 11:46:38,398 calculate Inception score...
2021-10-25 11:46:44,221 get Inception score of 1.9837805661160297
2021-10-25 11:46:44,227 arch: tensor([1, 0, 1, 1], device='cuda:0')
2021-10-25 11:46:44,288 calculate Inception score...
2021-10-25 11:46:50,115 get Inception score of 1.8576913262329051
2021-10-25 11:46:50,120 arch: tensor([1, 0, 2, 1], device='cuda:0')
2021-10-25 11:46:50,189 calculate Inception score...
2021-10-25 11:46:56,060 get Inception score of 1.294579978747904
2021-10-25 11:46:56,066 arch: tensor([0, 2, 1, 0], device='cuda:0')
2021-10-25 11:46:56,145 calculate Inception score...
2021-10-25 11:47:01,975 get Inception score of 1.8024666697570113
2021-10-25 11:47:01,981 arch: tensor([1, 2, 0, 0], device='cuda:0')
2021-10-25 11:47:02,304 calculate Inception score...
2021-10-25 11:47:08,135 get Inception score of 1.9077263420806074
2021-10-25 11:47:08,141 arch: tensor([1, 0, 1, 0], device='cuda:0')
2021-10-25 11:47:08,195 calculate Inception score...
2021-10-25 11:47:14,029 get Inception score of 1.2727392827241097
2021-10-25 11:47:14,034 arch: tensor([0, 1, 1, 0], device='cuda:0')
2021-10-25 11:47:14,091 calculate Inception score...
2021-10-25 11:47:19,919 get Inception score of 1.8487064637300896
2021-10-25 11:47:19,925 arch: tensor([0, 1, 2, 0], device='cuda:0')
2021-10-25 11:47:19,984 calculate Inception score...
2021-10-25 11:47:25,854 get Inception score of 1.774165716325992
2021-10-25 11:47:25,860 arch: tensor([0, 0, 1, 1], device='cuda:0')
2021-10-25 11:47:25,920 calculate Inception score...
2021-10-25 11:47:31,751 get Inception score of 1.8621545119358887
2021-10-25 11:47:31,757 arch: tensor([0, 0, 0, 0], device='cuda:0')
2021-10-25 11:47:32,050 calculate Inception score...
2021-10-25 11:47:37,883 get Inception score of 1.3830208548746181
2021-10-25 11:47:37,889 arch: tensor([1, 2, 0, 1], device='cuda:0')
2021-10-25 11:47:38,617 calculate Inception score...
2021-10-25 11:47:44,452 get Inception score of 1.968484779678567
2021-10-25 11:47:44,457 arch: tensor([0, 2, 2, 1], device='cuda:0')
2021-10-25 11:47:44,551 calculate Inception score...
2021-10-25 11:47:50,427 get Inception score of 1.7605832682189495
2021-10-25 11:47:50,432 arch: tensor([1, 1, 0, 1], device='cuda:0')
2021-10-25 11:47:51,140 calculate Inception score...
2021-10-25 11:47:56,975 get Inception score of 1.9647100537637616
2021-10-25 11:47:56,981 arch: tensor([1, 2, 1, 0], device='cuda:0')
2021-10-25 11:47:57,058 calculate Inception score...
2021-10-25 11:48:02,893 get Inception score of 1.8059041265699174
2021-10-25 11:48:02,898 arch: tensor([0, 1, 1, 0], device='cuda:0')
2021-10-25 11:48:02,955 calculate Inception score...
2021-10-25 11:48:08,791 get Inception score of 1.853497179053567
2021-10-25 11:48:08,797 arch: tensor([0, 0, 1, 1], device='cuda:0')
2021-10-25 11:48:08,857 calculate Inception score...
2021-10-25 11:48:14,730 get Inception score of 1.8420220703285877
2021-10-25 11:48:14,735 arch: tensor([1, 1, 1, 1], device='cuda:0')
2021-10-25 11:48:14,799 calculate Inception score...
2021-10-25 11:48:20,635 get Inception score of 1.9013153851259892
2021-10-25 11:48:20,641 arch: tensor([1, 0, 1, 1], device='cuda:0')
2021-10-25 11:48:20,703 calculate Inception score...
2021-10-25 11:48:26,531 get Inception score of 1.852854570371249
2021-10-25 11:48:26,537 arch: tensor([1, 0, 1, 0], device='cuda:0')
2021-10-25 11:48:26,591 calculate Inception score...
2021-10-25 11:48:32,469 get Inception score of 1.2646169192400074
2021-10-25 11:48:32,475 arch: tensor([1, 1, 1, 0], device='cuda:0')
2021-10-25 11:48:32,532 calculate Inception score...
2021-10-25 11:48:38,366 get Inception score of 1.8580892311147992
2021-10-25 11:50:36,187 => sampled images are saved to logs/search_2021-10-25 11:31:33.524341_2021_10_25_11_39_35/Samples/fid_buffer
2021-10-25 11:50:36,285 re-initialize share GAN
2021-10-25 11:50:36,555 <start search iteration 2>
2021-10-25 11:50:36,559 => train shared GAN...
2021-10-25 11:50:36,923 [Epoch 0/15] [Batch 0/782] [D loss: 2.133736] [G loss: 2.860073]
2021-10-25 11:50:37,963 [Epoch 0/15] [Batch 100/782] [D loss: 0.012983] [G loss: 3.218009]
2021-10-25 11:50:39,031 [Epoch 0/15] [Batch 200/782] [D loss: 0.010752] [G loss: 3.034827]
2021-10-25 11:50:40,111 [Epoch 0/15] [Batch 300/782] [D loss: 0.020535] [G loss: 2.615872]
2021-10-25 11:50:41,186 [Epoch 0/15] [Batch 400/782] [D loss: 0.000000] [G loss: 3.083099]
2021-10-25 11:50:42,267 [Epoch 0/15] [Batch 500/782] [D loss: 0.000000] [G loss: 3.897672]
2021-10-25 11:50:43,360 [Epoch 0/15] [Batch 600/782] [D loss: 0.018363] [G loss: 4.899159]
2021-10-25 11:50:44,476 [Epoch 0/15] [Batch 700/782] [D loss: 0.006145] [G loss: 5.407142]
2021-10-25 11:50:45,734 [Epoch 1/15] [Batch 0/782] [D loss: 0.005072] [G loss: 5.629101]
2021-10-25 11:50:46,855 [Epoch 1/15] [Batch 100/782] [D loss: 0.004154] [G loss: 3.952191]
2021-10-25 11:50:47,945 [Epoch 1/15] [Batch 200/782] [D loss: 0.000000] [G loss: 3.931830]
2021-10-25 11:50:49,099 [Epoch 1/15] [Batch 300/782] [D loss: 0.000000] [G loss: 4.397845]
2021-10-25 11:50:50,157 [Epoch 1/15] [Batch 400/782] [D loss: 0.000000] [G loss: 6.152516]
2021-10-25 11:50:51,274 [Epoch 1/15] [Batch 500/782] [D loss: 0.000744] [G loss: 3.680414]
2021-10-25 11:50:52,367 [Epoch 1/15] [Batch 600/782] [D loss: 0.000000] [G loss: 4.697184]
2021-10-25 11:50:53,445 [Epoch 1/15] [Batch 700/782] [D loss: 0.044051] [G loss: 5.226837]
2021-10-25 11:50:54,704 [Epoch 2/15] [Batch 0/782] [D loss: 0.000000] [G loss: 5.414811]
2021-10-25 11:50:55,828 [Epoch 2/15] [Batch 100/782] [D loss: 0.000000] [G loss: 4.984920]
2021-10-25 11:50:56,924 [Epoch 2/15] [Batch 200/782] [D loss: 0.003827] [G loss: 4.915174]
2021-10-25 11:50:58,036 [Epoch 2/15] [Batch 300/782] [D loss: 0.000000] [G loss: 7.045428]
2021-10-25 11:50:59,171 [Epoch 2/15] [Batch 400/782] [D loss: 0.000000] [G loss: 4.825256]
2021-10-25 11:51:00,316 [Epoch 2/15] [Batch 500/782] [D loss: 0.000000] [G loss: 8.070270]
2021-10-25 11:51:01,434 [Epoch 2/15] [Batch 600/782] [D loss: 0.000000] [G loss: 4.671366]
2021-10-25 11:51:02,521 [Epoch 2/15] [Batch 700/782] [D loss: 0.000000] [G loss: 6.524945]
2021-10-25 11:51:03,830 [Epoch 3/15] [Batch 0/782] [D loss: 0.000000] [G loss: 5.214972]
2021-10-25 11:51:04,907 [Epoch 3/15] [Batch 100/782] [D loss: 0.000000] [G loss: 4.452020]
2021-10-25 11:51:05,453 => dynamic resetting triggered
2021-10-25 11:51:05,521 => train controller...
2021-10-25 11:51:05,524 arch: tensor([0, 0, 0, 1], device='cuda:0')
2021-10-25 11:51:06,224 calculate Inception score...
2021-10-25 11:51:12,084 get Inception score of 1.888136313288657
2021-10-25 11:51:12,090 arch: tensor([1, 0, 2, 0], device='cuda:0')
2021-10-25 11:51:12,148 calculate Inception score...
2021-10-25 11:51:17,969 get Inception score of 1.088576090063283
2021-10-25 11:51:17,975 arch: tensor([0, 2, 2, 1], device='cuda:0')
2021-10-25 11:51:18,069 calculate Inception score...
2021-10-25 11:51:23,890 get Inception score of 1.8429055910622234
2021-10-25 11:51:23,896 arch: tensor([0, 2, 1, 1], device='cuda:0')
2021-10-25 11:51:23,982 calculate Inception score...
2021-10-25 11:51:29,806 get Inception score of 1.9306406923177108
2021-10-25 11:51:29,812 arch: tensor([1, 0, 1, 0], device='cuda:0')
2021-10-25 11:51:29,867 calculate Inception score...
2021-10-25 11:51:35,762 get Inception score of 1.305747831427553
2021-10-25 11:51:35,768 arch: tensor([1, 1, 2, 0], device='cuda:0')
2021-10-25 11:51:35,829 calculate Inception score...
2021-10-25 11:51:41,676 get Inception score of 1.4815737655990444
2021-10-25 11:51:41,682 arch: tensor([1, 2, 0, 1], device='cuda:0')
2021-10-25 11:51:42,413 calculate Inception score...
2021-10-25 11:51:48,264 get Inception score of 2.0646067692518533
2021-10-25 11:51:48,270 arch: tensor([0, 2, 1, 1], device='cuda:0')
2021-10-25 11:51:48,357 calculate Inception score...
2021-10-25 11:51:54,209 get Inception score of 1.9380730974370686
2021-10-25 11:51:54,214 arch: tensor([1, 0, 2, 1], device='cuda:0')
2021-10-25 11:51:54,283 calculate Inception score...
2021-10-25 11:52:00,177 get Inception score of 1.2908355372345965
2021-10-25 11:52:00,183 arch: tensor([0, 0, 1, 1], device='cuda:0')
2021-10-25 11:52:00,244 calculate Inception score...
2021-10-25 11:52:06,099 get Inception score of 1.9422313920493035
2021-10-25 11:52:06,105 arch: tensor([0, 2, 1, 0], device='cuda:0')
2021-10-25 11:52:06,185 calculate Inception score...
2021-10-25 11:52:12,045 get Inception score of 1.9032735677708366
2021-10-25 11:52:12,051 arch: tensor([1, 1, 1, 1], device='cuda:0')
2021-10-25 11:52:12,116 calculate Inception score...
2021-10-25 11:52:17,977 get Inception score of 2.07236567379775
2021-10-25 11:52:17,983 arch: tensor([0, 0, 1, 1], device='cuda:0')
2021-10-25 11:52:18,045 calculate Inception score...
2021-10-25 11:52:23,906 get Inception score of 1.9133297188603058
2021-10-25 11:52:23,912 arch: tensor([1, 2, 0, 0], device='cuda:0')
2021-10-25 11:52:24,237 calculate Inception score...
2021-10-25 11:52:30,141 get Inception score of 2.00145107136075
2021-10-25 11:52:30,146 arch: tensor([0, 1, 1, 0], device='cuda:0')
2021-10-25 11:52:30,203 calculate Inception score...
2021-10-25 11:52:36,067 get Inception score of 1.9583078844575588
2021-10-25 11:52:36,073 arch: tensor([0, 2, 1, 1], device='cuda:0')
2021-10-25 11:52:36,160 calculate Inception score...
2021-10-25 11:52:42,022 get Inception score of 1.9342035448384944
2021-10-25 11:52:42,028 arch: tensor([0, 2, 1, 0], device='cuda:0')
2021-10-25 11:52:42,108 calculate Inception score...
2021-10-25 11:52:47,975 get Inception score of 1.9207639763299935
2021-10-25 11:52:47,981 arch: tensor([0, 0, 2, 1], device='cuda:0')
2021-10-25 11:52:48,049 calculate Inception score...
